// 重构日志: fcadad72
// 同步 ID: 91b46021 @ Tue Jun 30 09:01:08 UTC 2026
// 重构日志: 30d60628
// 重构日志: ba3eafdd
// 重构日志: 71ccefa5
// 重构日志: b2233148
// 重构日志: 10e8936e
// 同步 ID: 7cee599c @ Fri Jul 10 11:23:29 UTC 2026
// 同步 ID: 33c51f99 @ Fri Jul 10 17:32:17 UTC 2026
// 同步 ID: d13bff20 @ Sat Jul 11 15:21:04 UTC 2026
// 同步 ID: fc5cac98 @ Sat Jul 11 22:05:21 UTC 2026
// 同步 ID: 61232727 @ Sun Jul 12 11:48:32 UTC 2026
// 重构日志: daf09127
// 同步 ID: 5a876c41 @ Tue Jul 14 17:05:36 UTC 2026
// 重构日志: 657ac11b
// 同步 ID: 4857e5f8 @ Sun Jul 19 07:28:13 UTC 2026
// 重构日志: 8143fef5
// 重构日志: ff2bebf0
// 重构日志: 3e67ca1d
// 重构日志: ea1cdfda
// 同步 ID: f537f879 @ Thu Jul 23 12:42:40 UTC 2026
// 重构日志: 06ac85e9
// 同步 ID: fbc01275 @ Fri Jul 24 02:41:41 UTC 2026
